<?xml version="1.0" encoding="UTF-8"?>
<testExecutions version="1">
  <file path="C:\Users\Stephen\Documents\Projects\personal\garden-planner\__tests__\utils\config.test.ts">
    <testCase name="Config object Config default export should return an instance of the config object" duration="3"/>
    <testCase name="Config object Config getInstance should return an instance of the config object" duration="0"/>
    <testCase name="Config object Can set a value on the config object" duration="1"/>
    <testCase name="Config object Can set a value using dots to seperate objects" duration="1"/>
    <testCase name="Config object Can get value at base level" duration="0"/>
    <testCase name="Config object Can get valyes using dots to seperate objects" duration="1"/>
    <testCase name="Config object Setting a value to another value overrides it" duration="1"/>
    <testCase name="Config object Setting a new key on the same level doesn&apos;t wipe the whole level" duration="2"/>
    <testCase name="Config object Wiping the config removes all data from it" duration="1"/>
  </file>
  <file path="C:\Users\Stephen\Documents\Projects\personal\garden-planner\__tests__\utils\lang.test.ts">
    <testCase name="Lang function Searching for a word not the lang file will return the value provided" duration="3"/>
    <testCase name="Lang function Searching for a value that does exist should return something else" duration="0"/>
  </file>
</testExecutions>